<?xml version="1.0" encoding="UTF-8"?>
<!-- Generated by org.testng.reporters.JUnitReportReporter -->
<testsuite skipped="0" hostname="KA_ARULMURUGAN" name="org.mav.prj.sam.testng.TestNg" tests="1" failures="0" timestamp="27 Mar 2019 06:01:58 GMT" time="18.091" errors="0">
  <testcase name="Testcase" time="18.091" classname="org.mav.prj.sam.testng.TestNg"/>
</testsuite> <!-- org.mav.prj.sam.testng.TestNg -->
